#-----------------------------------------------------------
# Vivado v2020.2 (64-bit)
# SW Build 3064766 on Wed Nov 18 09:12:45 MST 2020
# IP Build 3064653 on Wed Nov 18 14:17:31 MST 2020
# Start of session at: Mon Oct 30 22:07:53 2023
# Process ID: 22728
# Current directory: C:/Users/R9000X/Desktop/jiekou_lab/lab4/RVfpga_Soc
# Command line: vivado.exe -gui_launcher_event rodinguilauncherevent22940 C:\Users\R9000X\Desktop\jiekou_lab\lab4\RVfpga_Soc\RVfpga_Soc.xpr
# Log file: C:/Users/R9000X/Desktop/jiekou_lab/lab4/RVfpga_Soc/vivado.log
# Journal file: C:/Users/R9000X/Desktop/jiekou_lab/lab4/RVfpga_Soc\vivado.jou
#-----------------------------------------------------------
start_gui
open_project C:/Users/R9000X/Desktop/jiekou_lab/lab4/RVfpga_Soc/RVfpga_Soc.xpr
INFO: [Project 1-313] Project file moved from 'C:/Users/R9000X/Desktop/jiekou_lab/lab3/RVfpga_Soc' since last save.
WARNING: [filemgmt 56-2] IP Repository Path: Could not find the directory 'C:/Users/R9000X/Desktop/jiekou_lab/lab4/ip_repo/show_1.0', nor could it be found using path 'C:/Users/R9000X/Desktop/jiekou_lab/lab3/ip_repo/show_1.0'.
INFO: [filemgmt 56-1] IPUserFilesDir: Directory not found as 'C:/Users/R9000X/Desktop/jiekou_lab/lab4/RVfpga_Soc/RVfpga_Soc.ip_user_files'; using path 'C:/Users/R9000X/Desktop/jiekou_lab/lab3/RVfpga_Soc/RVfpga_Soc.ip_user_files' instead.
WARNING: [Project 1-312] File not found as 'C:/Users/R9000X/Desktop/jiekou_lab/lab4/uart/raminfr.v'; using path 'C:/Users/R9000X/Desktop/jiekou_lab/lab3/uart/raminfr.v' instead.
WARNING: [Project 1-312] File not found as 'C:/Users/R9000X/Desktop/jiekou_lab/lab4/uart/uart_defines.v'; using path 'C:/Users/R9000X/Desktop/jiekou_lab/lab3/uart/uart_defines.v' instead.
WARNING: [Project 1-312] File not found as 'C:/Users/R9000X/Desktop/jiekou_lab/lab4/uart/uart_receiver.v'; using path 'C:/Users/R9000X/Desktop/jiekou_lab/lab3/uart/uart_receiver.v' instead.
WARNING: [Project 1-312] File not found as 'C:/Users/R9000X/Desktop/jiekou_lab/lab4/uart/uart_regs.v'; using path 'C:/Users/R9000X/Desktop/jiekou_lab/lab3/uart/uart_regs.v' instead.
WARNING: [Project 1-312] File not found as 'C:/Users/R9000X/Desktop/jiekou_lab/lab4/uart/uart_rfifo.v'; using path 'C:/Users/R9000X/Desktop/jiekou_lab/lab3/uart/uart_rfifo.v' instead.
WARNING: [Project 1-312] File not found as 'C:/Users/R9000X/Desktop/jiekou_lab/lab4/uart/uart_sync_flops.v'; using path 'C:/Users/R9000X/Desktop/jiekou_lab/lab3/uart/uart_sync_flops.v' instead.
WARNING: [Project 1-312] File not found as 'C:/Users/R9000X/Desktop/jiekou_lab/lab4/uart/uart_tfifo.v'; using path 'C:/Users/R9000X/Desktop/jiekou_lab/lab3/uart/uart_tfifo.v' instead.
WARNING: [Project 1-312] File not found as 'C:/Users/R9000X/Desktop/jiekou_lab/lab4/uart/uart_top.v'; using path 'C:/Users/R9000X/Desktop/jiekou_lab/lab3/uart/uart_top.v' instead.
WARNING: [Project 1-312] File not found as 'C:/Users/R9000X/Desktop/jiekou_lab/lab4/uart/uart_transmitter.v'; using path 'C:/Users/R9000X/Desktop/jiekou_lab/lab3/uart/uart_transmitter.v' instead.
WARNING: [Project 1-312] File not found as 'C:/Users/R9000X/Desktop/jiekou_lab/lab4/uart/uart_wb.v'; using path 'C:/Users/R9000X/Desktop/jiekou_lab/lab3/uart/uart_wb.v' instead.
WARNING: [Project 1-312] File not found as 'C:/Users/R9000X/Desktop/jiekou_lab/lab4/uart/wb_uart_wrapper.v'; using path 'C:/Users/R9000X/Desktop/jiekou_lab/lab3/uart/wb_uart_wrapper.v' instead.
WARNING: [Project 1-312] File not found as 'C:/Users/R9000X/Desktop/jiekou_lab/lab4/RVfpga_Soc/RVfpga_Soc.srcs/sources_1/bd/swerv_soc/swerv_soc.bd'; using path 'C:/Users/R9000X/Desktop/jiekou_lab/lab3/RVfpga_Soc/RVfpga_Soc.srcs/sources_1/bd/swerv_soc/swerv_soc.bd' instead.
Scanning sources...
Finished scanning sources
WARNING: [Project 1-509] GeneratedRun file for 'synth_1' not found
WARNING: [Project 1-509] GeneratedRun file for 'swerv_soc_axi2wb_intcon_wrapper_0_0_synth_1' not found
WARNING: [Project 1-509] GeneratedRun file for 'swerv_soc_wb_gpio_wrapper_0_0_synth_1' not found
WARNING: [Project 1-509] GeneratedRun file for 'swerv_soc_bootrom_wrapper_0_0_synth_1' not found
WARNING: [Project 1-509] GeneratedRun file for 'swerv_soc_swerv_wrapper_verilog_0_0_synth_1' not found
WARNING: [Project 1-509] GeneratedRun file for 'swerv_soc_syscon_wrapper_0_0_synth_1' not found
WARNING: [Project 1-509] GeneratedRun file for 'swerv_soc_axi_gpio_0_0_synth_1' not found
WARNING: [Project 1-509] GeneratedRun file for 'swerv_soc_wb_uart_wrapper_0_0_synth_1' not found
WARNING: [Project 1-509] GeneratedRun file for 'swerv_soc_xbar_0_synth_1' not found
WARNING: [Project 1-509] GeneratedRun file for 'swerv_soc_PWM_w_Int_0_0_synth_1' not found
WARNING: [Project 1-509] GeneratedRun file for 'swerv_soc_Sen_Seg_Display_0_1_synth_1' not found
WARNING: [Project 1-509] GeneratedRun file for 'impl_1' not found
INFO: [IP_Flow 19-234] Refreshing IP repositories
WARNING: [IP_Flow 19-3685] Ignored loading user repository 'c:/Users/R9000X/Desktop/jiekou_lab/lab4/ip_repo/show_1.0'. The path is contained within another repository.
INFO: [IP_Flow 19-1700] Loaded user IP repository 'c:/Users/R9000X/Desktop/jiekou_lab/lab4/ip_repo'.
INFO: [IP_Flow 19-2313] Loaded Vivado IP repository 'E:/Xilinx/Vivado/2020.2/data/ip'.
open_project: Time (s): cpu = 00:00:04 ; elapsed = 00:00:13 . Memory (MB): peak = 1019.652 ; gain = 0.000
update_compile_order -fileset sources_1
open_bd_design {C:/Users/R9000X/Desktop/jiekou_lab/lab3/RVfpga_Soc/RVfpga_Soc.srcs/sources_1/bd/swerv_soc/swerv_soc.bd}
Reading block design file <C:/Users/R9000X/Desktop/jiekou_lab/lab3/RVfpga_Soc/RVfpga_Soc.srcs/sources_1/bd/swerv_soc/swerv_soc.bd>...
Adding component instance block -- xilinx.com:user:axi2wb_intcon_wrapper:1.0 - axi2wb_intcon_wrapper_0
Adding component instance block -- xilinx.com:user:wb_gpio_wrapper:1.0 - wb_gpio_wrapper_0
Adding component instance block -- xilinx.com:user:swerv_wrapper_verilog:1.0 - swerv_wrapper_verilog_0
Adding component instance block -- xilinx.com:module_ref:bootrom_wrapper:1.0 - bootrom_wrapper_0
Adding component instance block -- xilinx.com:module_ref:syscon_wrapper:1.0 - syscon_wrapper_0
Adding component instance block -- xilinx.com:ip:axi_interconnect:2.1 - axi_interconnect_0
Adding component instance block -- xilinx.com:ip:axi_crossbar:2.1 - xbar
Adding component instance block -- xilinx.com:ip:axi_dwidth_converter:2.1 - auto_ds
Adding component instance block -- xilinx.com:ip:axi_protocol_converter:2.1 - auto_pc
Adding component instance block -- xilinx.com:ip:axi_gpio:2.0 - axi_gpio_0
Adding component instance block -- xilinx.com:module_ref:wb_uart_wrapper:1.0 - wb_uart_wrapper_0
Adding component instance block -- xilinx.com:user:PWM_w_Int:1.0 - PWM_w_Int_0
Adding component instance block -- xilinx.com:user:Sen_Seg_Display:3.0 - Sen_Seg_Display_0
Successfully read diagram <swerv_soc> from block design file <C:/Users/R9000X/Desktop/jiekou_lab/lab3/RVfpga_Soc/RVfpga_Soc.srcs/sources_1/bd/swerv_soc/swerv_soc.bd>
open_bd_design: Time (s): cpu = 00:00:05 ; elapsed = 00:00:11 . Memory (MB): peak = 1030.711 ; gain = 11.059
open_bd_design {C:/Users/R9000X/Desktop/jiekou_lab/lab3/RVfpga_Soc/RVfpga_Soc.srcs/sources_1/bd/swerv_soc/swerv_soc.bd}
startgroup
set_property -dict [list CONFIG.C_INTERRUPT_PRESENT {1}] [get_bd_cells axi_gpio_0]
endgroup
exit
INFO: [Common 17-206] Exiting Vivado at Mon Oct 30 22:11:59 2023...
