#-----------------------------------------------------------
# Vivado v2020.2 (64-bit)
# SW Build 3064766 on Wed Nov 18 09:12:45 MST 2020
# IP Build 3064653 on Wed Nov 18 14:17:31 MST 2020
# Start of session at: Thu Nov  9 16:54:55 2023
# Process ID: 22712
# Current directory: C:/Users/R9000X/Desktop/jiekou_lab/lab5/RVfpga_Soc
# Command line: vivado.exe -gui_launcher_event rodinguilauncherevent13544 C:\Users\R9000X\Desktop\jiekou_lab\lab5\RVfpga_Soc\RVfpga_Soc.xpr
# Log file: C:/Users/R9000X/Desktop/jiekou_lab/lab5/RVfpga_Soc/vivado.log
# Journal file: C:/Users/R9000X/Desktop/jiekou_lab/lab5/RVfpga_Soc\vivado.jou
#----------------------------------------------------------ststart_guopopen_project C:/Users/R9000X/Desktop/jiekou_lab/lab5/RVfpga_Soc/RVfpga_Soc.xpWAWARNING: [filemgmt 56-3] IP Repository Path: Could not find the directory 'C:/Users/R9000X/Desktop/jiekou_lab/lab5/ip_repo/show_1.0'ScScanning sources...
Finished scanning sourceININFO: [IP_Flow 19-234] Refreshing IP repositories
WARNING: [IP_Flow 19-3685] Ignored loading user repository 'c:/Users/R9000X/Desktop/jiekou_lab/lab5/ip_repo/show_1.0'. The path is contained within another repositoryININFO: [IP_Flow 19-1700] Loaded user IP repository 'c:/Users/R9000X/Desktop/jiekou_lab/lab5/ip_repo'INFO: [IP_Flow 19-2313] Loaded Vivado IP repository 'E:/Xilinx/Vivado/2020.2/data/ip'.
opopen_project: Time (s): cpu = 00:00:11 ; elapsed = 00:00:17 . Memory (MB): peak = 1017.891 ; gain = 0.0exopen_bd_design {C:/Users/R9000X/Desktop/jiekou_lab/lab3/RVfpga_Soc/RVfpga_INFO: [filemgmt 56-326] User Interrupt. Could not getCurrentGraph()
ile <C:/Users/R9000X/Desktop/jiekou_lab/lab3/RVfpga_Soc/RVfpga_Soc.srcs/sources_1/bd/swerv_soc/swerv_soc.bd>...
Adding component instance block -- xilinx.com:user:axi2wb_intcon_wrapper:1.0 - axi2wb_intcon_wrapper_0
Adding component instance block -- xilinx.com:user:wb_gpio_wrapper:1.0 - wb_gpio_wrapper_0
Adding component instance block -- xilinx.com:user:swerv_wrapper_verilog:1.0 - swerv_wrapper_verilog_0
Adding component instance block -- xilinx.com:module_ref:bootrom_wrapper:1.0 - bootrom_wrapper_0
Adding component instance block -- xilinx.com:ip:axi_interconnect:2.1 - axi_interconnect_0
Adding component instance block -- xilinx.com:ip:axi_crossbar:2.1 - xbar
Adding component instance block -- xilinx.com:ip:axi_dwidth_converter:2.1 - auto_ds
Adding component instance block -- xilinx.com:ip:axi_protocol_converter:2.1 - auto_pc
Adding component instance block -- xilinx.com:ip:axi_gpio:2.0 - axi_gpio_0
Adding component instance block -- xilinx.com:module_ref:wb_uart_wrapper:1.0 - wb_uart_wrapper_0
Adding component instance block -- xilinx.com:user:PWM_w_Int:1.0 - PWM_w_Int_0
Adding component instance block -- xilinx.com:ip:xlconcat:2.1 - xlconcat_0
Adding component instance block -- xilinx.com:module_ref:ptc_wrapper:1.0 - ptc_wrapper_0
Adding component instance block -- xilinx.com:module_ref:syscon_wrapper:1.0 - syscon_wrapper_0
Adding component instance block -- xilinx.com:module_ref:wb_spi_wrapper:1.0 - wb_spi_wrapper_0
Adding component instance block -- xilinx.com:ip:axi_iic:2.0 - axi_iic_0
Successfully read diagram <swerv_soc> from block design file <C:/Users/R9000X/Desktop/jiekou_lab/lab3/RVfpga_Soc/RVfpga_Soc.srcs/sources_1/bd/swerv_soc/swerv_soc.bd>
open_bd_design: Time (s): cpu = 00:00:09 ; elapsed = 00:00:16 . Memory (MB): peak = 1034.082 ; gain = 110.188
update_compile_order -fileset sources_1
exit
INFO: [Common 17-206] Exiting Vivado at Thu Nov  9 16:58:59 2023...
